<?xml version="1.0" encoding="UTF-8"?>
<!-- Generated by org.testng.reporters.JUnitReportReporter -->
<testsuite hostname="DESKTOP-HADT1D5" failures="0" tests="5" name="jan_28.SamppleTestDDT2" time="0.012" errors="0" timestamp="2023-01-28T21:52:30 IST" skipped="0">
  <testcase classname="jan_28.SamppleTestDDT2" name="sample" time="0.001"/>
  <system-out/>
  <testcase classname="jan_28.SamppleTestDDT2" name="sample" time="0.007"/>
  <system-out/>
  <testcase classname="jan_28.SamppleTestDDT2" name="sample" time="0.001"/>
  <system-out/>
  <testcase classname="jan_28.SamppleTestDDT2" name="sample" time="0.002"/>
  <system-out/>
  <testcase classname="jan_28.SamppleTestDDT2" name="sample" time="0.001"/>
  <system-out/>
</testsuite> <!-- jan_28.SamppleTestDDT2 -->
