<?xml version="1.0" encoding="UTF-8"?>
<!-- Generated by org.testng.reporters.JUnitReportReporter -->
<testsuite hostname="DESKTOP-HADT1D5" failures="0" tests="1" name="jan_29.ExtentReportDemo" time="0.561" errors="0" timestamp="2023-01-30T03:25:00 IST" skipped="0">
  <testcase classname="jan_29.ExtentReportDemo" name="generateExtentReport" time="0.561"/>
  <system-out/>
</testsuite> <!-- jan_29.ExtentReportDemo -->
