<?xml version="1.0" encoding="UTF-8"?>
<!-- Generated by org.testng.reporters.JUnitReportReporter -->
<testsuite hostname="DESKTOP-HADT1D5" failures="0" tests="5" name="jan_15_selenium_grid.AssertDemo" time="0.006" errors="0" timestamp="2023-01-22T22:34:53 IST" skipped="0">
  <testcase classname="jan_15_selenium_grid.AssertDemo" name="test4" time="0.001"/>
  <system-out/>
  <testcase classname="jan_15_selenium_grid.AssertDemo" name="test5" time="0.001"/>
  <system-out/>
  <testcase classname="jan_15_selenium_grid.AssertDemo" name="test2" time="0.001"/>
  <system-out/>
  <testcase classname="jan_15_selenium_grid.AssertDemo" name="test3" time="0.001"/>
  <system-out/>
  <testcase classname="jan_15_selenium_grid.AssertDemo" name="test1" time="0.002"/>
  <system-out/>
</testsuite> <!-- jan_15_selenium_grid.AssertDemo -->
