<?xml version="1.0" encoding="UTF-8"?>
<!-- Generated by org.testng.reporters.JUnitReportReporter -->
<testsuite hostname="DESKTOP-HADT1D5" failures="0" tests="1" name="jan_28.ReadingConfiguration2" time="0.017" errors="0" timestamp="2023-01-28T23:10:19 IST" skipped="0">
  <testcase classname="jan_28.ReadingConfiguration2" name="readConfig" time="0.017"/>
  <system-out/>
</testsuite> <!-- jan_28.ReadingConfiguration2 -->
