<?xml version="1.0" encoding="UTF-8"?>
<!-- Generated by org.testng.reporters.JUnitReportReporter -->
<testsuite hostname="DESKTOP-HADT1D5" failures="0" tests="3" name="assignment12.TaskInTestNG" time="50.895" errors="0" timestamp="2023-01-25T23:17:22 IST" skipped="0">
  <testcase classname="assignment12.TaskInTestNG" name="testOne" time="16.184"/>
  <system-out>
    <![CDATA[Manage Courses
Course is Added..Automation using JavaScript]]>
  </system-out>
  <testcase classname="assignment12.TaskInTestNG" name="testOne" time="17.597"/>
  <system-out>
    <![CDATA[Manage Courses
Course is Added..Automation using Selenium]]>
  </system-out>
  <testcase classname="assignment12.TaskInTestNG" name="testOne" time="17.114"/>
  <system-out>
    <![CDATA[Manage Courses
Course is Added..Automation using Python]]>
  </system-out>
</testsuite> <!-- assignment12.TaskInTestNG -->
