<?xml version="1.0" encoding="UTF-8"?>
<!-- Generated by org.testng.reporters.JUnitReportReporter -->
<testsuite hostname="DESKTOP-HADT1D5" failures="0" tests="1" name="jan_29.LoginPageTest" time="1.414" errors="0" timestamp="2023-01-30T20:08:56 IST" skipped="0">
  <testcase classname="jan_29.LoginPageTest" name="validLogin" time="1.414"/>
  <system-out/>
</testsuite> <!-- jan_29.LoginPageTest -->
