<?xml version="1.0" encoding="UTF-8"?>
<!-- Generated by org.testng.reporters.JUnitReportReporter -->
<testsuite hostname="DESKTOP-HADT1D5" failures="0" tests="3" name="jan_21.ParallelExecution" time="0.018" errors="0" timestamp="2023-01-24T18:02:31 IST" skipped="0">
  <testcase classname="jan_21.ParallelExecution" name="test3" time="0.002"/>
  <system-out>
    <![CDATA[test 3 executed]]>
  </system-out>
  <testcase classname="jan_21.ParallelExecution" name="test1" time="0.014"/>
  <system-out>
    <![CDATA[test 1 executed]]>
  </system-out>
  <testcase classname="jan_21.ParallelExecution" name="test2" time="0.002"/>
  <system-out>
    <![CDATA[test 2 executed]]>
  </system-out>
</testsuite> <!-- jan_21.ParallelExecution -->
