<?xml version="1.0" encoding="UTF-8"?>
<!-- Generated by org.testng.reporters.JUnitReportReporter -->
<testsuite hostname="DESKTOP-HADT1D5" failures="0" tests="3" name="jan_22.CrossBrowserTesting" time="18.451" errors="0" timestamp="2023-01-23T23:59:30 IST" skipped="0">
  <testcase classname="jan_22.CrossBrowserTesting" name="login" time="4.566"/>
  <system-out>
    <![CDATA[Google of browser name is :chrome]]>
  </system-out>
  <testcase classname="jan_22.CrossBrowserTesting" name="login" time="5.743"/>
  <system-out>
    <![CDATA[Google of browser name is :edge]]>
  </system-out>
  <testcase classname="jan_22.CrossBrowserTesting" name="login" time="8.142"/>
  <system-out>
    <![CDATA[Google of browser name is :firefox]]>
  </system-out>
</testsuite> <!-- jan_22.CrossBrowserTesting -->
