<?xml version="1.0" encoding="UTF-8"?>
<!-- Generated by org.testng.reporters.JUnitReportReporter -->
<testsuite hostname="DESKTOP-HADT1D5" failures="0" tests="1" name="jan_21.ParameterDemo" time="0.001" errors="0" timestamp="2023-01-23T23:08:19 IST" skipped="0">
  <testcase classname="jan_21.ParameterDemo" name="test1" time="0.001"/>
  <system-out>
    <![CDATA[Browser Name is: firefox]]>
  </system-out>
</testsuite> <!-- jan_21.ParameterDemo -->
