<?xml version="1.0" encoding="UTF-8"?>
<!-- Generated by org.testng.reporters.JUnitReportReporter -->
<testsuite hostname="DESKTOP-HADT1D5" failures="0" tests="5" name="practise.LoginTest" time="35.578" errors="0" timestamp="2023-02-21T20:58:25 IST" skipped="0">
  <testcase classname="practise.LoginTest" name="loginTestFuncion" time="8.114"/>
  <system-out/>
  <testcase classname="practise.LoginTest" name="loginTestFuncion" time="7.260"/>
  <system-out/>
  <testcase classname="practise.LoginTest" name="loginTestFuncion" time="6.123"/>
  <system-out/>
  <testcase classname="practise.LoginTest" name="loginTestFuncion" time="7.164"/>
  <system-out/>
  <testcase classname="practise.LoginTest" name="loginTestFuncion" time="6.917"/>
  <system-out/>
</testsuite> <!-- practise.LoginTest -->
