<?xml version="1.0" encoding="UTF-8"?>
<!-- Generated by org.testng.reporters.JUnitReportReporter -->
<testsuite hostname="DESKTOP-HADT1D5" failures="0" tests="2" name="jan_21.SoftAssertDemo" time="0.007" errors="0" timestamp="2023-01-22T22:24:58 IST" skipped="0">
  <testcase classname="jan_21.SoftAssertDemo" name="test1" time="0.002"/>
  <system-out>
    <![CDATA[Test started
Test 1 ended]]>
  </system-out>
  <testcase classname="jan_21.SoftAssertDemo" name="test2" time="0.005"/>
  <system-out>
    <![CDATA[Test 2 is started
Test 2 is ended]]>
  </system-out>
</testsuite> <!-- jan_21.SoftAssertDemo -->
