<?xml version="1.0" encoding="UTF-8"?>
<!-- Generated by org.testng.reporters.JUnitReportReporter -->
<testsuite hostname="DESKTOP-HADT1D5" failures="0" tests="4" name="jan_15_selenium_grid.MyFirstTestNG2" time="0.004" errors="0" timestamp="2023-01-22T22:34:53 IST" skipped="0">
  <testcase classname="jan_15_selenium_grid.MyFirstTestNG2" name="login" time="0.000"/>
  <system-out/>
  <testcase classname="jan_15_selenium_grid.MyFirstTestNG2" name="createAccount" time="0.002"/>
  <system-out/>
  <testcase classname="jan_15_selenium_grid.MyFirstTestNG2" name="makePayment" time="0.002"/>
  <system-out/>
  <testcase classname="jan_15_selenium_grid.MyFirstTestNG2" name="logout" time="0.000"/>
  <system-out/>
</testsuite> <!-- jan_15_selenium_grid.MyFirstTestNG2 -->
