<?xml version="1.0" encoding="UTF-8"?>
<!-- Generated by org.testng.reporters.JUnitReportReporter -->
<testsuite hostname="DESKTOP-HADT1D5" failures="0" tests="4" name="jan_15_selenium_grid.SeleniumWithTestNG" time="3.495" errors="0" timestamp="2023-01-22T23:36:39 IST" skipped="0">
  <testcase classname="jan_15_selenium_grid.SeleniumWithTestNG" name="startBrowser" time="3.282"/>
  <system-out/>
  <testcase classname="jan_15_selenium_grid.SeleniumWithTestNG" name="verifyUrl" time="0.015"/>
  <system-out/>
  <testcase classname="jan_15_selenium_grid.SeleniumWithTestNG" name="verifyTitle" time="0.010"/>
  <system-out/>
  <testcase classname="jan_15_selenium_grid.SeleniumWithTestNG" name="closeBrowser" time="0.188"/>
  <system-out/>
</testsuite> <!-- jan_15_selenium_grid.SeleniumWithTestNG -->
