<?xml version="1.0" encoding="UTF-8"?>
<!-- Generated by org.testng.reporters.JUnitReportReporter -->
<testsuite hostname="DESKTOP-HADT1D5" failures="0" tests="6" name="assignment13.Task1_CreateUserTest" time="9.137" errors="0" timestamp="2023-02-01T23:38:23 IST" skipped="0">
  <testcase classname="assignment13.Task1_CreateUserTest" name="verifyLogoTest" time="0.072"/>
  <system-out/>
  <testcase classname="assignment13.Task1_CreateUserTest" name="verifyPractiseLinkTest" time="0.040"/>
  <system-out/>
  <testcase classname="assignment13.Task1_CreateUserTest" name="clickLogInTest" time="0.085"/>
  <system-out/>
  <testcase classname="assignment13.Task1_CreateUserTest" name="verifySigInLabelTest" time="0.033"/>
  <system-out/>
  <testcase classname="assignment13.Task1_CreateUserTest" name="clickOnSignUpLinkAndVerifySignUpLabelTest" time="6.487"/>
  <system-out/>
  <testcase classname="assignment13.Task1_CreateUserTest" name="createUserTest" time="2.420"/>
  <system-out/>
</testsuite> <!-- assignment13.Task1_CreateUserTest -->
