<?xml version="1.0" encoding="UTF-8"?>
<!-- Generated by org.testng.reporters.JUnitReportReporter -->
<testsuite hostname="DESKTOP-HADT1D5" failures="0" tests="7" name="jan_15_selenium_grid.SeleniumWithTestNG2" time="7.030" errors="0" timestamp="2023-01-22T22:34:53 IST" skipped="0">
  <testcase classname="jan_15_selenium_grid.SeleniumWithTestNG2" name="startBrowser" time="1.521"/>
  <system-out/>
  <testcase classname="jan_15_selenium_grid.SeleniumWithTestNG2" name="verifyUrl" time="0.007"/>
  <system-out/>
  <testcase classname="jan_15_selenium_grid.SeleniumWithTestNG2" name="verifyTitle" time="0.007"/>
  <system-out/>
  <testcase classname="jan_15_selenium_grid.SeleniumWithTestNG2" name="verifyFooterCount" time="0.017"/>
  <system-out/>
  <testcase classname="jan_15_selenium_grid.SeleniumWithTestNG2" name="login" time="3.227"/>
  <system-out/>
  <testcase classname="jan_15_selenium_grid.SeleniumWithTestNG2" name="logout" time="2.071"/>
  <system-out/>
  <testcase classname="jan_15_selenium_grid.SeleniumWithTestNG2" name="closeBrowser" time="0.180"/>
  <system-out/>
</testsuite> <!-- jan_15_selenium_grid.SeleniumWithTestNG2 -->
