<?xml version="1.0" encoding="UTF-8"?>
<!-- Generated by org.testng.reporters.JUnitReportReporter -->
<testsuite hostname="DESKTOP-HADT1D5" failures="0" tests="2" name="jan_21.SkipTest" time="0.017" errors="0" timestamp="2023-01-22T22:24:58 IST" skipped="0">
  <testcase classname="jan_21.SkipTest" name="logout" time="0.002"/>
  <system-out>
    <![CDATA[logout from application]]>
  </system-out>
  <testcase classname="jan_21.SkipTest" name="login" time="0.015"/>
  <system-out>
    <![CDATA[Login to application]]>
  </system-out>
</testsuite> <!-- jan_21.SkipTest -->
