<?xml version="1.0" encoding="UTF-8"?>
<!-- Generated by org.testng.reporters.JUnitReportReporter -->
<testsuite hostname="DESKTOP-HADT1D5" failures="0" tests="10" name="assignment13.Task2_CreateUserTestUsingDataProvider" time="12.092" errors="0" timestamp="2023-02-02T03:13:18 IST" skipped="0">
  <testcase classname="assignment13.Task2_CreateUserTestUsingDataProvider" name="verifyLogoTest" time="0.065"/>
  <system-out/>
  <testcase classname="assignment13.Task2_CreateUserTestUsingDataProvider" name="verifyPractiseLinkTest" time="0.035"/>
  <system-out/>
  <testcase classname="assignment13.Task2_CreateUserTestUsingDataProvider" name="clickLogInTest" time="0.085"/>
  <system-out/>
  <testcase classname="assignment13.Task2_CreateUserTestUsingDataProvider" name="verifySigInLabelTest" time="0.028"/>
  <system-out/>
  <testcase classname="assignment13.Task2_CreateUserTestUsingDataProvider" name="clickOnSignUpLinkAndVerifySignUpLabelTest" time="0.542"/>
  <system-out/>
  <testcase classname="assignment13.Task2_CreateUserTestUsingDataProvider" name="createUserTest" time="2.467"/>
  <system-out/>
  <testcase classname="assignment13.Task2_CreateUserTestUsingDataProvider" name="createUserTest" time="2.090"/>
  <system-out/>
  <testcase classname="assignment13.Task2_CreateUserTestUsingDataProvider" name="createUserTest" time="2.371"/>
  <system-out/>
  <testcase classname="assignment13.Task2_CreateUserTestUsingDataProvider" name="createUserTest" time="2.219"/>
  <system-out/>
  <testcase classname="assignment13.Task2_CreateUserTestUsingDataProvider" name="createUserTest" time="2.190"/>
  <system-out/>
</testsuite> <!-- assignment13.Task2_CreateUserTestUsingDataProvider -->
