<?xml version="1.0" encoding="UTF-8"?>
<!-- Generated by org.testng.reporters.JUnitReportReporter -->
<testsuite hostname="DESKTOP-HADT1D5" failures="0" tests="1" name="jan_28.ReadingConfiguration" time="0.019" errors="0" timestamp="2023-01-28T22:42:35 IST" skipped="0">
  <testcase classname="jan_28.ReadingConfiguration" name="readConfig" time="0.019"/>
  <system-out/>
</testsuite> <!-- jan_28.ReadingConfiguration -->
