<?xml version="1.0" encoding="UTF-8"?>
<!-- Generated by org.testng.reporters.JUnitReportReporter -->
<testsuite hostname="DESKTOP-HADT1D5" failures="0" tests="3" name="jan_15_selenium_grid.MyFirstTest" time="0.013" errors="0" timestamp="2023-01-17T12:24:10 IST" skipped="0">
  <testcase classname="jan_15_selenium_grid.MyFirstTest" name="test3" time="0.002"/>
  <system-out/>
  <testcase classname="jan_15_selenium_grid.MyFirstTest" name="test1" time="0.010"/>
  <system-out/>
  <testcase classname="jan_15_selenium_grid.MyFirstTest" name="test2" time="0.001"/>
  <system-out/>
</testsuite> <!-- jan_15_selenium_grid.MyFirstTest -->
