<?xml version="1.0" encoding="UTF-8"?>
<!-- Generated by org.testng.reporters.JUnitReportReporter -->
<testsuite hostname="DESKTOP-HADT1D5" failures="0" tests="10" name="assignment13.Task3_CreateUserTestUsingDataProviderWithExcel" time="12.056" errors="0" timestamp="2023-02-02T04:35:37 IST" skipped="0">
  <testcase classname="assignment13.Task3_CreateUserTestUsingDataProviderWithExcel" name="verifyLogoTest" time="0.066"/>
  <system-out/>
  <testcase classname="assignment13.Task3_CreateUserTestUsingDataProviderWithExcel" name="verifyPractiseLinkTest" time="0.035"/>
  <system-out/>
  <testcase classname="assignment13.Task3_CreateUserTestUsingDataProviderWithExcel" name="clickLogInTest" time="0.089"/>
  <system-out/>
  <testcase classname="assignment13.Task3_CreateUserTestUsingDataProviderWithExcel" name="verifySigInLabelTest" time="0.028"/>
  <system-out/>
  <testcase classname="assignment13.Task3_CreateUserTestUsingDataProviderWithExcel" name="clickOnSignUpLinkAndVerifySignUpLabelTest" time="0.674"/>
  <system-out/>
  <testcase classname="assignment13.Task3_CreateUserTestUsingDataProviderWithExcel" name="createUserTest" time="2.368"/>
  <system-out/>
  <testcase classname="assignment13.Task3_CreateUserTestUsingDataProviderWithExcel" name="createUserTest" time="2.166"/>
  <system-out/>
  <testcase classname="assignment13.Task3_CreateUserTestUsingDataProviderWithExcel" name="createUserTest" time="2.105"/>
  <system-out/>
  <testcase classname="assignment13.Task3_CreateUserTestUsingDataProviderWithExcel" name="createUserTest" time="2.187"/>
  <system-out/>
  <testcase classname="assignment13.Task3_CreateUserTestUsingDataProviderWithExcel" name="createUserTest" time="2.338"/>
  <system-out/>
</testsuite> <!-- assignment13.Task3_CreateUserTestUsingDataProviderWithExcel -->
