<?xml version="1.0" encoding="UTF-8"?>
<!-- Generated by org.testng.reporters.JUnitReportReporter -->
<testsuite hostname="DESKTOP-HADT1D5" failures="0" tests="3" name="jan_22.DDT" time="0.017" errors="0" timestamp="2023-01-24T12:16:06 IST" skipped="0">
  <testcase classname="jan_22.DDT" name="test1" time="0.004"/>
  <system-out>
    <![CDATA[mangu
200]]>
  </system-out>
  <testcase classname="jan_22.DDT" name="test1" time="0.011"/>
  <system-out>
    <![CDATA[ashu
100]]>
  </system-out>
  <testcase classname="jan_22.DDT" name="test1" time="0.002"/>
  <system-out>
    <![CDATA[sanju
300]]>
  </system-out>
</testsuite> <!-- jan_22.DDT -->
