<?xml version="1.0" encoding="UTF-8"?>
<!-- Generated by org.testng.reporters.JUnitReportReporter -->
<testsuite hostname="DESKTOP-HADT1D5" failures="0" tests="5" name="jan_28.SamppleTestDDT" time="0.010" errors="0" timestamp="2023-01-28T21:35:06 IST" skipped="0">
  <testcase classname="jan_28.SamppleTestDDT" name="sample" time="0.001"/>
  <system-out/>
  <testcase classname="jan_28.SamppleTestDDT" name="sample" time="0.006"/>
  <system-out/>
  <testcase classname="jan_28.SamppleTestDDT" name="sample" time="0.001"/>
  <system-out/>
  <testcase classname="jan_28.SamppleTestDDT" name="sample" time="0.001"/>
  <system-out/>
  <testcase classname="jan_28.SamppleTestDDT" name="sample" time="0.001"/>
  <system-out/>
</testsuite> <!-- jan_28.SamppleTestDDT -->
