<?xml version="1.0" encoding="UTF-8"?>
<!-- Generated by org.testng.reporters.JUnitReportReporter -->
<testsuite hostname="DESKTOP-HADT1D5" failures="0" tests="3" name="jan_21.ParallelExecution2" time="39.593" errors="0" timestamp="2023-01-24T18:02:31 IST" skipped="0">
  <testcase classname="jan_21.ParallelExecution2" name="test1" time="4.372"/>
  <system-out/>
  <testcase classname="jan_21.ParallelExecution2" name="test2" time="28.840"/>
  <system-out/>
  <testcase classname="jan_21.ParallelExecution2" name="test3" time="6.381"/>
  <system-out/>
</testsuite> <!-- jan_21.ParallelExecution2 -->
