<?xml version="1.0" encoding="UTF-8"?>
<!-- Generated by org.testng.reporters.JUnitReportReporter -->
<testsuite hostname="DESKTOP-HADT1D5" failures="0" tests="1" name="jan_22.ReadExcel" time="0.736" errors="0" timestamp="2023-01-28T16:26:50 IST" skipped="0">
  <testcase classname="jan_22.ReadExcel" name="readExcel" time="0.736"/>
  <system-out/>
</testsuite> <!-- jan_22.ReadExcel -->
